


ARM Macro Assembler    Page 1 


    1 00000000                 AREA             candidatos_actualizar_arm, CODE
, READONLY
    2 00000000                 EXPORT           candidatos_actualizar_arm
                       
Command Line: --debug --xref --diag_suppress=9931 --apcs=interwork --depend=.\o
bjects\candidatos_actualizar_arm.d -o.\objects\candidatos_actualizar_arm.o -IC:
\Keil_v5\ARM\RV31\INC -IC:\Keil_v5\ARM\CMSIS\Include -IC:\Keil_v5\ARM\INC\Phili
ps --predefine="__EVAL SETA 1" --predefine="__UVISION_VERSION SETA 526" --list=
.\listings\candidatos_actualizar_arm.lst candidatos_actualizar_arm.s



ARM Macro Assembler    Page 1 Alphabetic symbol ordering
Relocatable symbols

candidatos_actualizar_arm 00000000

Symbol: candidatos_actualizar_arm
   Definitions
      At line 1 in file candidatos_actualizar_arm.s
   Uses
      At line 2 in file candidatos_actualizar_arm.s
Comment: candidatos_actualizar_arm used once
1 symbol
333 symbols in table
