


ARM Macro Assembler    Page 1 


    1 00000000                 AREA             candidatos_propagar_arm, CODE, 
READONLY
    2 00000000                 EXPORT           candidatos_propagar_arm
    3 00000000         
    4 00000000 E90D07F0        STMDB            SP, {r4-r10}
    5 00000004         
    6 00000004         ; INICIALIZACION
    7 00000004 E1A06000        MOV              R6,R0       ;R0=entrada    R6=c
                                                            uadricula
    8 00000008 E1A07001        MOV              R7,R1       ;R1=entrada    R7=f
                                                            ila
    9 0000000C E1A08002        MOV              R8,R2       ;R2=entrada    R8=c
                                                            olumna
   10 00000010 E3A04000        MOV              R4,#0x0     ;R4=i
   11 00000014 E3A05000        MOV              R5,#0x0     ;R5=j
   12 00000018         
   13 00000018         ; leer valor
   14 00000018 E086C287        ADD              R12,R6,R7,LSL #5
   15 0000001C E08C0088        ADD              R0,R12,R8,LSL #1 ;R0=dir(celda[
                                                            fila][columna])
   16 00000020 E5D00000        LDRB             R0,[R0]     ;mete en r4 el prim
                                                            er byte de dir(celd
                                                            a[fila][columna])
   17 00000024 E200300F        AND              R3,R0,#0xF  ;R9 = valor(celda[f
                                                            ila][columna]) en e
                                                            l que estamos
   18 00000028         
   19 00000028 E3A0A001        MOV              R10, #0x1
   20 0000002C         ;celda_eliminar candidato
   21 0000002C         bucle_columnas
   22 0000002C E08C9085        ADD              R9,R12,R5,LSL #1
   23 00000030 E1D900B0        LDRH             R0,[R9]     ;mete en r4 el prim
                                                            er byte de la celda
                                                                
   24 00000034         ;eliminar candidato
   25 00000034 E2831006        ADD              R1, R3, #6  ;R3 = valor celda  
                                                            
   26 00000038 E1A0111A        MOV              R1, R10, LSL R1
   27 0000003C E1800001        ORR              R0, R0, R1
   28 00000040 E1C900B0        STRH             R0, [R9]
   29 00000044         
   30 00000044         
   31 00000044         ; bucle check
   32 00000044 E2855001        ADD              R5, R5, #0x1
   33 00000048 E3550009        CMP              R5, #0x9
   34 0000004C BAFFFFF6        BLT              bucle_columnas
   35 00000050         
   36 00000050 E086C088        ADD              R12,R6,R8,LSL #1
   37 00000054         
   38 00000054 E3A0A001        MOV              R10, #0x1
   39 00000058         bucle_filas
   40 00000058 E08C9284        ADD              R9,R12,R4,LSL #5
   41 0000005C E1D900B0        LDRH             R0,[R9]     ;mete en r4 el prim
                                                            er byte de la celda
                                                                
   42 00000060         ;eliminar candidato
   43 00000060 E2831006        ADD              R1, R3, #6  ;R3 = valor celda  
                                                             
   44 00000064 E1A0111A        MOV              R1, R10, LSL R1



ARM Macro Assembler    Page 2 


   45 00000068 E1800001        ORR              R0, R0, R1
   46 0000006C E1C900B0        STRH             R0, [R9]
   47 00000070         
   48 00000070         ; bucle check
   49 00000070 E2844001        ADD              R4, R4, #0x1
   50 00000074 E3540009        CMP              R4, #0x9
   51 00000078 BAFFFFF6        BLT              bucle_filas
   52 0000007C         
   53 0000007C         ;inicializacion i y j
   54 0000007C E3A01000        MOV              R1,#0       ;init_i
   55 00000080 E3A02000        MOV              R2,#0       ;end_i
   56 00000084 E3A0A000        MOV              R10,#0      ;init_j
   57 00000088 E3A0B000        MOV              R11,#0      ;end_j
   58 0000008C         
   59 0000008C         ;init_i = init_region[fila];
   60 0000008C E3570003        CMP              R7,#3       ;comparamos fila>=3
                                                            
   61 00000090 23A01003        MOVHS            R1,#3       ;init_i = init_regi
                                                            on[fila];
   62 00000094 E3570006        CMP              R7,#6       ;comparamos fila>=6
                                                            
   63 00000098 23A01006        MOVHS            R1,#6
   64 0000009C E2812003        ADD              R2,R1,#3    ;end_i = init_i + 3
                                                            ;
   65 000000A0         
   66 000000A0         ;init_j = init_region[columna];
   67 000000A0 E3580003        CMP              R8,#3       ;comparamos fila<6
   68 000000A4 23A0A003        MOVHS            R10,#3      ;init_j = init_regi
                                                            on[columna];     
   69 000000A8 E3580006        CMP              R8,#6       ;comparamos fila<6
   70 000000AC 23A0A006        MOVHS            R10,#6
   71 000000B0 E28AB003        ADD              R11,R10,#3  ;end_j = init_j + 3
                                                            ;
   72 000000B4         
   73 000000B4         ;ini de la cuadricula a cuadricula[init_i][init_j]
   74 000000B4 E1A04001        MOV              R4,R1       ;i=init_i
   75 000000B8 E1A0500A        MOV              R5,R10      ;j=init_j
   76 000000BC E3A08001        MOV              R8,#0x1
   77 000000C0         
   78 000000C0         bucle_cuadrado
   79 000000C0 E0869284        ADD              R9,R6,R4,LSL #5
   80 000000C4 E0899085        ADD              R9,R9,R5,LSL #1
   81 000000C8 E1D900B0        LDRH             R0,[R9]     ;mete en r0 el cont
                                                            enido de la celda 
   82 000000CC         ;eliminar candidato
   83 000000CC E2837006        ADD              R7,R3,#6    ;(7 + valor - 1) ==
                                                             (7 - 1 + valor) ==
                                                             (6 + valor)
   84 000000D0 E1A07718        MOV              R7,R8,LSL R7
   85 000000D4 E1800007        ORR              R0,R0,R7    ;Pone en R0 el cont
                                                            enido anterior | 0x
                                                            1 desplazado
   86 000000D8 E1C900B0        STRH             R0,[R9]     ;Guarda el calculo 
                                                            anterior en memoria
                                                             de R9
   87 000000DC         
   88 000000DC         ; bucle check
   89 000000DC E2844001        ADD              R4,R4,#0x1
   90 000000E0 E1540002        CMP              R4,R2



ARM Macro Assembler    Page 3 


   91 000000E4 BAFFFFF5        BLT              bucle_cuadrado
   92 000000E8 E1A04001        MOV              R4,R1
   93 000000EC E2855001        ADD              R5,R5,#0x1
   94 000000F0 E155000B        CMP              R5,R11
   95 000000F4 BAFFFFF1        BLT              bucle_cuadrado
   96 000000F8         
   97 000000F8 E3A00000        MOV              R0,#0x0
   98 000000FC E91D07F0        LDMDB            SP, {r4-r10}
   99 00000100 E12FFF1E        BX               R14
  100 00000104                 END
Command Line: --debug --xref --diag_suppress=9931 --apcs=interwork --depend=.\o
bjects\candidatos_propagar_arm.d -o.\objects\candidatos_propagar_arm.o -IC:\Kei
l_v5\ARM\RV31\INC -IC:\Keil_v5\ARM\CMSIS\Include -IC:\Keil_v5\ARM\INC\Philips -
-predefine="__EVAL SETA 1" --predefine="__UVISION_VERSION SETA 526" --list=.\li
stings\candidatos_propagar_arm.lst candidatos_propagar_arm.s



ARM Macro Assembler    Page 1 Alphabetic symbol ordering
Relocatable symbols

bucle_columnas 0000002C

Symbol: bucle_columnas
   Definitions
      At line 21 in file candidatos_propagar_arm.s
   Uses
      At line 34 in file candidatos_propagar_arm.s
Comment: bucle_columnas used once
bucle_cuadrado 000000C0

Symbol: bucle_cuadrado
   Definitions
      At line 78 in file candidatos_propagar_arm.s
   Uses
      At line 91 in file candidatos_propagar_arm.s
      At line 95 in file candidatos_propagar_arm.s

bucle_filas 00000058

Symbol: bucle_filas
   Definitions
      At line 39 in file candidatos_propagar_arm.s
   Uses
      At line 51 in file candidatos_propagar_arm.s
Comment: bucle_filas used once
candidatos_propagar_arm 00000000

Symbol: candidatos_propagar_arm
   Definitions
      At line 1 in file candidatos_propagar_arm.s
   Uses
      At line 2 in file candidatos_propagar_arm.s
Comment: candidatos_propagar_arm used once
4 symbols
336 symbols in table
